Start testing: May 07 17:16 UTC
----------------------------------------------------------
1/4 Testing: Student JSON serialization
1/4 Test: Student JSON serialization
Command: "/workspaces/inheritanceLab/build/tests" "Student JSON serialization"
Directory: /workspaces/inheritanceLab/build
"Student JSON serialization" start time: May 07 17:16 UTC
Output:
----------------------------------------------------------
Filters: "Student JSON serialization"
Randomness seeded to: 2490292943
===============================================================================
All tests passed (3 assertions in 1 test case)

<end of output>
Test time =   0.01 sec
----------------------------------------------------------
Test Passed.
"Student JSON serialization" end time: May 07 17:16 UTC
"Student JSON serialization" time elapsed: 00:00:00
----------------------------------------------------------

2/4 Testing: Instructor YAML serialization
2/4 Test: Instructor YAML serialization
Command: "/workspaces/inheritanceLab/build/tests" "Instructor YAML serialization"
Directory: /workspaces/inheritanceLab/build
"Instructor YAML serialization" start time: May 07 17:16 UTC
Output:
----------------------------------------------------------
Filters: "Instructor YAML serialization"
Randomness seeded to: 2893369957
===============================================================================
All tests passed (2 assertions in 1 test case)

<end of output>
Test time =   0.00 sec
----------------------------------------------------------
Test Passed.
"Instructor YAML serialization" end time: May 07 17:16 UTC
"Instructor YAML serialization" time elapsed: 00:00:00
----------------------------------------------------------

3/4 Testing: CSV escaping handles commas and quotes
3/4 Test: CSV escaping handles commas and quotes
Command: "/workspaces/inheritanceLab/build/tests" "CSV escaping handles commas and quotes"
Directory: /workspaces/inheritanceLab/build
"CSV escaping handles commas and quotes" start time: May 07 17:16 UTC
Output:
----------------------------------------------------------
Filters: "CSV escaping handles commas and quotes"
Randomness seeded to: 3785386924
===============================================================================
All tests passed (1 assertion in 1 test case)

<end of output>
Test time =   0.00 sec
----------------------------------------------------------
Test Passed.
"CSV escaping handles commas and quotes" end time: May 07 17:16 UTC
"CSV escaping handles commas and quotes" time elapsed: 00:00:00
----------------------------------------------------------

4/4 Testing: Validation throws on bad email
4/4 Test: Validation throws on bad email
Command: "/workspaces/inheritanceLab/build/tests" "Validation throws on bad email"
Directory: /workspaces/inheritanceLab/build
"Validation throws on bad email" start time: May 07 17:16 UTC
Output:
----------------------------------------------------------
Filters: "Validation throws on bad email"
Randomness seeded to: 34055094
===============================================================================
All tests passed (1 assertion in 1 test case)

<end of output>
Test time =   0.00 sec
----------------------------------------------------------
Test Passed.
"Validation throws on bad email" end time: May 07 17:16 UTC
"Validation throws on bad email" time elapsed: 00:00:00
----------------------------------------------------------

End testing: May 07 17:16 UTC
